yarn run v1.22.10
$ nodemon src/server.js
[33m[nodemon] 2.0.7[39m
[33m[nodemon] to restart at any time, enter `rs`[39m
[33m[nodemon] watching path(s): *.*[39m
[33m[nodemon] watching extensions: js,mjs,json[39m
[32m[nodemon] starting `node src/server.js`[39m
events.js:292
      throw er; // Unhandled 'error' event
      ^

Error: EPERM: operation not permitted, read
Emitted 'error' event on ReadStream instance at:
    at internal/fs/streams.js:202:14
    at FSReqCallback.wrapper [as oncomplete] (fs.js:539:5) {
  errno: -4048,
  code: 'EPERM',
  syscall: 'read'
}
error Command failed with exit code 1.
info Visit https://yarnpkg.com/en/docs/cli/run for documentation about this command.
