Arguments: 
  C:\Program Files\nodejs\node.exe C:\Users\donut\AppData\Roaming\npm\node_modules\yarn\bin\yarn.js init

PATH: 
  C:\dev\cmder\vendor\bin;C:\dev\cmder\vendor\git-for-windows\cmd;C:\dev\cmder\vendor\conemu-maximus5\ConEmu\Scripts;C:\dev\cmder\vendor\conemu-maximus5;C:\dev\cmder\vendor\conemu-maximus5\ConEmu;C:\Program Files\nodejs\;C:\Python39\Scripts\;C:\Python39\;C:\Program Files\NVIDIA GPU Computing Toolkit\CUDA\v11.1\bin;C:\Program Files\NVIDIA GPU Computing Toolkit\CUDA\v11.1\libnvvp;C:\Program Files\NVIDIA GPU Computing Toolkit\CUDA\v11.1\extras\CUPTI\lib64;C:\Program Files\NVIDIA GPU Computing Toolkit\CUDA\v11.1\lib;C:\Program Files\NVIDIA GPU Computing Toolkit\CUDA\v11.1\include;C:\dev\mongodb\bin;C:\dev\cmder;C:\ProgramData\Anaconda3;C:\ProgramData\Anaconda3\Library\mingw-w64\bin;C:\ProgramData\Anaconda3\Library\usr\bin;C:\ProgramData\Anaconda3\Library\bin;C:\ProgramData\Anaconda3\Scripts;C:\Windows\system32;C:\Windows;C:\Windows\System32\Wbem;C:\Windows\System32\WindowsPowerShell\v1.0\;C:\Windows\System32\OpenSSH\;C:\Users\donut\AppData\Local\Programs\Python\Python38;C:\Program Files\NVIDIA Corporation\Nsight Compute 2020.2.0\;C:\Program Files (x86)\NVIDIA Corporation\PhysX\Common;C:\Program Files\NVIDIA Corporation\NVIDIA NvDLISR;C:\Program Files (x86)\NetSarang\Xshell 7\;C:\Program Files (x86)\NetSarang\Xftp 7\;C:\Program Files\Amazon\AWSCLIV2\;C:\ProgramData\chocolatey\bin;C:\Users\donut\AppData\Local\Programs\Python\Python38\Scripts\;C:\Users\donut\AppData\Local\Programs\Python\Python38\;C:\Users\donut\AppData\Local\Microsoft\WindowsApps;C:\Users\donut\AppData\Local\Programs\Microsoft VS Code\bin;C:\Users\donut\AppData\Roaming\npm;C:\Users\donut\AppData\Local\GitHubDesktop\bin;C:\dev\cmder\vendor\git-for-windows\mingw64\bin;C:\dev\cmder\vendor\git-for-windows\usr\bin

Yarn version: 
  1.22.10

Node version: 
  14.15.4

Platform: 
  win32 x64

Trace: 
  Error: canceled
      at Interface.<anonymous> (C:\Users\donut\AppData\Roaming\npm\node_modules\yarn\lib\cli.js:136216:13)
      at Interface.emit (events.js:315:20)
      at Interface._ttyWrite (readline.js:875:16)
      at ReadStream.onkeypress (readline.js:213:10)
      at ReadStream.emit (events.js:315:20)
      at emitKeys (internal/readline/utils.js:345:14)
      at emitKeys.next (<anonymous>)
      at ReadStream.onData (readline.js:1144:36)
      at ReadStream.emit (events.js:315:20)
      at addChunk (internal/streams/readable.js:309:12)

npm manifest: 
  No manifest

yarn manifest: 
  No manifest

Lockfile: 
  # THIS IS AN AUTOGENERATED FILE. DO NOT EDIT THIS FILE DIRECTLY.
  # yarn lockfile v1
